<?xml version="1.0" encoding="UTF-8"?>
<testsuite name="br.com.calculator.StatisticsServiceTest" tests="3" skipped="0" failures="0" errors="0" timestamp="2025-09-06T20:08:13.037Z" hostname="MacBook-Pro-de-Carine.local" time="0.001">
  <properties/>
  <testcase name="media_ok()" classname="br.com.calculator.StatisticsServiceTest" time="0.001"/>
  <testcase name="mediana_par()" classname="br.com.calculator.StatisticsServiceTest" time="0.0"/>
  <testcase name="mediana_impar()" classname="br.com.calculator.StatisticsServiceTest" time="0.0"/>
  <system-out><![CDATA[]]></system-out>
  <system-err><![CDATA[]]></system-err>
</testsuite>
