<?xml version="1.0" encoding="UTF-8"?>
<testsuite name="br.com.calculator.CalculatorServiceTest$Division" tests="3" skipped="0" failures="0" errors="0" timestamp="2025-09-06T20:08:13.035Z" hostname="MacBook-Pro-de-Carine.local" time="0.002">
  <properties/>
  <testcase name="[1] a=8, b=2, expected=4" classname="br.com.calculator.CalculatorServiceTest$Division" time="0.0"/>
  <testcase name="[2] a=9, b=3, expected=3" classname="br.com.calculator.CalculatorServiceTest$Division" time="0.0"/>
  <testcase name="divisionByZero()" classname="br.com.calculator.CalculatorServiceTest$Division" time="0.001"/>
  <system-out><![CDATA[]]></system-out>
  <system-err><![CDATA[]]></system-err>
</testsuite>
